<?xml version="1.0" encoding="UTF-8"?>
<coverage generated="1712228377562" clover="3.2.0">
  <project timestamp="1712228377562" name="All files">
    <metrics statements="118" coveredstatements="111" conditionals="20" coveredconditionals="17" methods="43" coveredmethods="37" elements="181" coveredelements="165" complexity="0" loc="118" ncloc="118" packages="2" files="17" classes="17"/>
    <package name="components">
      <metrics statements="90" coveredstatements="86" conditionals="20" coveredconditionals="17" methods="33" coveredmethods="30"/>
      <file name="Body.js" path="D:\Python Learning\Namaste React\src\components\Body.js">
        <metrics statements="32" coveredstatements="28" conditionals="6" coveredconditionals="5" methods="10" coveredmethods="7"/>
        <line num="10" count="1" type="stmt"/>
        <line num="12" count="4" type="stmt"/>
        <line num="13" count="4" type="stmt"/>
        <line num="14" count="4" type="stmt"/>
        <line num="15" count="4" type="stmt"/>
        <line num="17" count="4" type="stmt"/>
        <line num="18" count="4" type="stmt"/>
        <line num="19" count="1" type="stmt"/>
        <line num="21" count="4" type="stmt"/>
        <line num="22" count="1" type="stmt"/>
        <line num="24" count="1" type="stmt"/>
        <line num="25" count="1" type="stmt"/>
        <line num="26" count="1" type="stmt"/>
        <line num="27" count="1" type="stmt"/>
        <line num="28" count="1" type="stmt"/>
        <line num="29" count="1" type="stmt"/>
        <line num="34" count="4" type="stmt"/>
        <line num="35" count="4" type="cond" truecount="1" falsecount="1"/>
        <line num="37" count="4" type="stmt"/>
        <line num="39" count="4" type="cond" truecount="2" falsecount="0"/>
        <line num="40" count="1" type="stmt"/>
        <line num="42" count="3" type="stmt"/>
        <line num="51" count="1" type="stmt"/>
        <line num="56" count="1" type="stmt"/>
        <line num="57" count="1" type="stmt"/>
        <line num="58" count="9" type="stmt"/>
        <line num="60" count="1" type="stmt"/>
        <line num="68" count="0" type="stmt"/>
        <line num="69" count="0" type="stmt"/>
        <line num="71" count="0" type="stmt"/>
        <line num="78" count="0" type="stmt"/>
        <line num="84" count="20" type="stmt"/>
      </file>
      <file name="CartPage.js" path="D:\Python Learning\Namaste React\src\components\CartPage.js">
        <metrics statements="6" coveredstatements="6" conditionals="2" coveredconditionals="2" methods="3" coveredmethods="3"/>
        <line num="5" count="1" type="stmt"/>
        <line num="6" count="8" type="stmt"/>
        <line num="7" count="4" type="stmt"/>
        <line num="8" count="4" type="stmt"/>
        <line num="9" count="1" type="stmt"/>
        <line num="11" count="4" type="stmt"/>
      </file>
      <file name="Contact.js" path="D:\Python Learning\Namaste React\src\components\Contact.js">
        <metrics statements="2" coveredstatements="2" conditionals="0" coveredconditionals="0" methods="1" coveredmethods="1"/>
        <line num="1" count="1" type="stmt"/>
        <line num="2" count="5" type="stmt"/>
      </file>
      <file name="Header.js" path="D:\Python Learning\Namaste React\src\components\Header.js">
        <metrics statements="10" coveredstatements="10" conditionals="4" coveredconditionals="2" methods="4" coveredmethods="4"/>
        <line num="8" count="2" type="stmt"/>
        <line num="9" count="11" type="stmt"/>
        <line num="10" count="11" type="stmt"/>
        <line num="11" count="11" type="stmt"/>
        <line num="15" count="21" type="stmt"/>
        <line num="16" count="11" type="stmt"/>
        <line num="18" count="11" type="stmt"/>
        <line num="19" count="8" type="stmt"/>
        <line num="21" count="11" type="stmt"/>
        <line num="49" count="1" type="cond" truecount="1" falsecount="1"/>
      </file>
      <file name="ItemList.js" path="D:\Python Learning\Namaste React\src\components\ItemList.js">
        <metrics statements="8" coveredstatements="8" conditionals="2" coveredconditionals="2" methods="4" coveredmethods="4"/>
        <line num="5" count="1" type="stmt"/>
        <line num="6" count="9" type="stmt"/>
        <line num="8" count="9" type="stmt"/>
        <line num="9" count="9" type="stmt"/>
        <line num="11" count="2" type="stmt"/>
        <line num="14" count="9" type="stmt"/>
        <line num="17" count="14" type="stmt"/>
        <line num="33" count="2" type="stmt"/>
      </file>
      <file name="RestaurantCard.js" path="D:\Python Learning\Namaste React\src\components\RestaurantCard.js">
        <metrics statements="9" coveredstatements="9" conditionals="0" coveredconditionals="0" methods="3" coveredmethods="3"/>
        <line num="5" count="2" type="stmt"/>
        <line num="6" count="21" type="stmt"/>
        <line num="7" count="21" type="stmt"/>
        <line num="8" count="21" type="stmt"/>
        <line num="17" count="21" type="stmt"/>
        <line num="19" count="21" type="stmt"/>
        <line num="33" count="2" type="stmt"/>
        <line num="34" count="4" type="stmt"/>
        <line num="35" count="9" type="stmt"/>
      </file>
      <file name="RestaurantCategory.js" path="D:\Python Learning\Namaste React\src\components\RestaurantCategory.js">
        <metrics statements="4" coveredstatements="4" conditionals="2" coveredconditionals="2" methods="2" coveredmethods="2"/>
        <line num="4" count="1" type="stmt"/>
        <line num="7" count="10" type="stmt"/>
        <line num="8" count="1" type="stmt"/>
        <line num="10" count="10" type="stmt"/>
      </file>
      <file name="RestaurantMenu.js" path="D:\Python Learning\Namaste React\src\components\RestaurantMenu.js">
        <metrics statements="15" coveredstatements="15" conditionals="4" coveredconditionals="4" methods="4" coveredmethods="4"/>
        <line num="10" count="1" type="stmt"/>
        <line num="12" count="3" type="stmt"/>
        <line num="13" count="3" type="stmt"/>
        <line num="14" count="3" type="stmt"/>
        <line num="15" count="3" type="stmt"/>
        <line num="18" count="3" type="cond" truecount="2" falsecount="0"/>
        <line num="20" count="2" type="stmt"/>
        <line num="26" count="2" type="stmt"/>
        <line num="27" count="2" type="stmt"/>
        <line num="28" count="2" type="stmt"/>
        <line num="29" count="38" type="stmt"/>
        <line num="31" count="2" type="stmt"/>
        <line num="32" count="2" type="stmt"/>
        <line num="38" count="10" type="stmt"/>
        <line num="41" count="1" type="stmt"/>
      </file>
      <file name="shimmer.js" path="D:\Python Learning\Namaste React\src\components\shimmer.js">
        <metrics statements="2" coveredstatements="2" conditionals="0" coveredconditionals="0" methods="1" coveredmethods="1"/>
        <line num="1" count="2" type="stmt"/>
        <line num="2" count="2" type="stmt"/>
      </file>
      <file name="sum.js" path="D:\Python Learning\Namaste React\src\components\sum.js">
        <metrics statements="2" coveredstatements="2" conditionals="0" coveredconditionals="0" methods="1" coveredmethods="1"/>
        <line num="1" count="1" type="stmt"/>
        <line num="2" count="1" type="stmt"/>
      </file>
    </package>
    <package name="utils">
      <metrics statements="28" coveredstatements="25" conditionals="0" coveredconditionals="0" methods="10" coveredmethods="7"/>
      <file name="CartSlice.js" path="D:\Python Learning\Namaste React\src\utils\CartSlice.js">
        <metrics statements="5" coveredstatements="4" conditionals="0" coveredconditionals="0" methods="3" coveredmethods="2"/>
        <line num="3" count="2" type="stmt"/>
        <line num="10" count="2" type="stmt"/>
        <line num="13" count="0" type="stmt"/>
        <line num="16" count="1" type="stmt"/>
        <line num="22" count="2" type="stmt"/>
      </file>
      <file name="UserContext.js" path="D:\Python Learning\Namaste React\src\utils\UserContext.js">
        <metrics statements="1" coveredstatements="1" conditionals="0" coveredconditionals="0" methods="0" coveredmethods="0"/>
        <line num="3" count="4" type="stmt"/>
      </file>
      <file name="appStore.js" path="D:\Python Learning\Namaste React\src\utils\appStore.js">
        <metrics statements="1" coveredstatements="1" conditionals="0" coveredconditionals="0" methods="0" coveredmethods="0"/>
        <line num="4" count="2" type="stmt"/>
      </file>
      <file name="constants.js" path="D:\Python Learning\Namaste React\src\utils\constants.js">
        <metrics statements="3" coveredstatements="3" conditionals="0" coveredconditionals="0" methods="0" coveredmethods="0"/>
        <line num="1" count="4" type="stmt"/>
        <line num="3" count="4" type="stmt"/>
        <line num="7" count="4" type="stmt"/>
      </file>
      <file name="mockData.js" path="D:\Python Learning\Namaste React\src\utils\mockData.js">
        <metrics statements="1" coveredstatements="1" conditionals="0" coveredconditionals="0" methods="0" coveredmethods="0"/>
        <line num="1" count="1" type="stmt"/>
      </file>
      <file name="useOnlineStatus.js" path="D:\Python Learning\Namaste React\src\utils\useOnlineStatus.js">
        <metrics statements="8" coveredstatements="6" conditionals="0" coveredconditionals="0" methods="4" coveredmethods="2"/>
        <line num="3" count="3" type="stmt"/>
        <line num="4" count="15" type="stmt"/>
        <line num="5" count="15" type="stmt"/>
        <line num="6" count="8" type="stmt"/>
        <line num="7" count="0" type="stmt"/>
        <line num="10" count="8" type="stmt"/>
        <line num="11" count="0" type="stmt"/>
        <line num="14" count="15" type="stmt"/>
      </file>
      <file name="useRestaurantMenu.js" path="D:\Python Learning\Namaste React\src\utils\useRestaurantMenu.js">
        <metrics statements="9" coveredstatements="9" conditionals="0" coveredconditionals="0" methods="3" coveredmethods="3"/>
        <line num="4" count="1" type="stmt"/>
        <line num="5" count="3" type="stmt"/>
        <line num="6" count="3" type="stmt"/>
        <line num="7" count="1" type="stmt"/>
        <line num="10" count="3" type="stmt"/>
        <line num="11" count="1" type="stmt"/>
        <line num="12" count="1" type="stmt"/>
        <line num="14" count="1" type="stmt"/>
        <line num="16" count="3" type="stmt"/>
      </file>
    </package>
  </project>
</coverage>
