{"D:\\Python Learning\\Namaste React\\src\\components\\Body.js": {"path":"D:\\Python Learning\\Namaste React\\src\\components\\Body.js","statementMap":{"0":{"start":{"line":10,"column":13},"end":{"line":101,"column":1}},"1":{"start":{"line":12,"column":38},"end":{"line":12,"column":50}},"2":{"start":{"line":13,"column":56},"end":{"line":13,"column":68}},"3":{"start":{"line":14,"column":38},"end":{"line":14,"column":51}},"4":{"start":{"line":15,"column":33},"end":{"line":15,"column":66}},"5":{"start":{"line":17,"column":2},"end":{"line":17,"column":42}},"6":{"start":{"line":18,"column":2},"end":{"line":20,"column":9}},"7":{"start":{"line":19,"column":4},"end":{"line":19,"column":16}},"8":{"start":{"line":21,"column":20},"end":{"line":32,"column":3}},"9":{"start":{"line":22,"column":17},"end":{"line":22,"column":175}},"10":{"start":{"line":24,"column":17},"end":{"line":24,"column":34}},"11":{"start":{"line":25,"column":4},"end":{"line":25,"column":22}},"12":{"start":{"line":26,"column":4},"end":{"line":26,"column":94}},"13":{"start":{"line":27,"column":4},"end":{"line":27,"column":91}},"14":{"start":{"line":28,"column":4},"end":{"line":28,"column":27}},"15":{"start":{"line":29,"column":4},"end":{"line":29,"column":103}},"16":{"start":{"line":34,"column":23},"end":{"line":34,"column":40}},"17":{"start":{"line":35,"column":2},"end":{"line":35,"column":113}},"18":{"start":{"line":35,"column":30},"end":{"line":35,"column":113}},"19":{"start":{"line":37,"column":38},"end":{"line":37,"column":61}},"20":{"start":{"line":39,"column":2},"end":{"line":41,"column":3}},"21":{"start":{"line":40,"column":4},"end":{"line":40,"column":23}},"22":{"start":{"line":42,"column":2},"end":{"line":100,"column":3}},"23":{"start":{"line":51,"column":14},"end":{"line":51,"column":44}},"24":{"start":{"line":56,"column":14},"end":{"line":56,"column":37}},"25":{"start":{"line":57,"column":42},"end":{"line":59,"column":15}},"26":{"start":{"line":58,"column":16},"end":{"line":58,"column":78}},"27":{"start":{"line":60,"column":14},"end":{"line":60,"column":57}},"28":{"start":{"line":68,"column":35},"end":{"line":70,"column":15}},"29":{"start":{"line":69,"column":25},"end":{"line":69,"column":47}},"30":{"start":{"line":71,"column":14},"end":{"line":71,"column":42}},"31":{"start":{"line":78,"column":28},"end":{"line":78,"column":55}},"32":{"start":{"line":84,"column":12},"end":{"line":93,"column":19}}},"fnMap":{"0":{"name":"(anonymous_0)","decl":{"start":{"line":10,"column":13},"end":{"line":10,"column":14}},"loc":{"start":{"line":10,"column":19},"end":{"line":101,"column":1}},"line":10},"1":{"name":"(anonymous_1)","decl":{"start":{"line":18,"column":12},"end":{"line":18,"column":13}},"loc":{"start":{"line":18,"column":18},"end":{"line":20,"column":3}},"line":18},"2":{"name":"(anonymous_2)","decl":{"start":{"line":21,"column":20},"end":{"line":21,"column":21}},"loc":{"start":{"line":21,"column":32},"end":{"line":32,"column":3}},"line":21},"3":{"name":"(anonymous_3)","decl":{"start":{"line":50,"column":22},"end":{"line":50,"column":23}},"loc":{"start":{"line":50,"column":29},"end":{"line":52,"column":13}},"line":50},"4":{"name":"(anonymous_4)","decl":{"start":{"line":55,"column":21},"end":{"line":55,"column":22}},"loc":{"start":{"line":55,"column":27},"end":{"line":61,"column":13}},"line":55},"5":{"name":"(anonymous_5)","decl":{"start":{"line":57,"column":60},"end":{"line":57,"column":61}},"loc":{"start":{"line":58,"column":16},"end":{"line":58,"column":78}},"line":58},"6":{"name":"(anonymous_6)","decl":{"start":{"line":67,"column":21},"end":{"line":67,"column":22}},"loc":{"start":{"line":67,"column":27},"end":{"line":72,"column":13}},"line":67},"7":{"name":"(anonymous_7)","decl":{"start":{"line":69,"column":16},"end":{"line":69,"column":17}},"loc":{"start":{"line":69,"column":25},"end":{"line":69,"column":47}},"line":69},"8":{"name":"(anonymous_8)","decl":{"start":{"line":78,"column":22},"end":{"line":78,"column":23}},"loc":{"start":{"line":78,"column":28},"end":{"line":78,"column":55}},"line":78},"9":{"name":"(anonymous_9)","decl":{"start":{"line":83,"column":34},"end":{"line":83,"column":35}},"loc":{"start":{"line":84,"column":12},"end":{"line":93,"column":19}},"line":84}},"branchMap":{"0":{"loc":{"start":{"line":35,"column":2},"end":{"line":35,"column":113}},"type":"if","locations":[{"start":{"line":35,"column":2},"end":{"line":35,"column":113}},{"start":{},"end":{}}],"line":35},"1":{"loc":{"start":{"line":39,"column":2},"end":{"line":41,"column":3}},"type":"if","locations":[{"start":{"line":39,"column":2},"end":{"line":41,"column":3}},{"start":{},"end":{}}],"line":39},"2":{"loc":{"start":{"line":88,"column":16},"end":{"line":90,"column":62}},"type":"cond-expr","locations":[{"start":{"line":89,"column":18},"end":{"line":89,"column":67}},{"start":{"line":90,"column":21},"end":{"line":90,"column":61}}],"line":88}},"s":{"0":1,"1":4,"2":4,"3":4,"4":4,"5":4,"6":4,"7":1,"8":4,"9":1,"10":1,"11":1,"12":1,"13":1,"14":1,"15":1,"16":4,"17":4,"18":0,"19":4,"20":4,"21":1,"22":3,"23":1,"24":1,"25":1,"26":9,"27":1,"28":0,"29":0,"30":0,"31":0,"32":20},"f":{"0":4,"1":1,"2":1,"3":1,"4":1,"5":9,"6":0,"7":0,"8":0,"9":20},"b":{"0":[0,4],"1":[1,3],"2":[9,11]},"_coverageSchema":"1a1c01bbd47fc00a2c39e90264f33305004495a9","hash":"6bae44ce60c71272fc15a5f8559b110dd623ad5d"}
,"D:\\Python Learning\\Namaste React\\src\\components\\CartPage.js": {"path":"D:\\Python Learning\\Namaste React\\src\\components\\CartPage.js","statementMap":{"0":{"start":{"line":5,"column":17},"end":{"line":25,"column":1}},"1":{"start":{"line":6,"column":22},"end":{"line":6,"column":62}},"2":{"start":{"line":6,"column":45},"end":{"line":6,"column":61}},"3":{"start":{"line":7,"column":21},"end":{"line":7,"column":34}},"4":{"start":{"line":8,"column":28},"end":{"line":10,"column":5}},"5":{"start":{"line":9,"column":8},"end":{"line":9,"column":29}},"6":{"start":{"line":11,"column":4},"end":{"line":24,"column":5}}},"fnMap":{"0":{"name":"(anonymous_0)","decl":{"start":{"line":5,"column":17},"end":{"line":5,"column":18}},"loc":{"start":{"line":5,"column":23},"end":{"line":25,"column":1}},"line":5},"1":{"name":"(anonymous_1)","decl":{"start":{"line":6,"column":34},"end":{"line":6,"column":35}},"loc":{"start":{"line":6,"column":45},"end":{"line":6,"column":61}},"line":6},"2":{"name":"(anonymous_2)","decl":{"start":{"line":8,"column":28},"end":{"line":8,"column":29}},"loc":{"start":{"line":8,"column":33},"end":{"line":10,"column":5}},"line":8}},"branchMap":{"0":{"loc":{"start":{"line":20,"column":17},"end":{"line":20,"column":93}},"type":"binary-expr","locations":[{"start":{"line":20,"column":17},"end":{"line":20,"column":37}},{"start":{"line":20,"column":41},"end":{"line":20,"column":93}}],"line":20}},"s":{"0":1,"1":4,"2":8,"3":4,"4":4,"5":1,"6":4},"f":{"0":4,"1":8,"2":1},"b":{"0":[4,2]},"_coverageSchema":"1a1c01bbd47fc00a2c39e90264f33305004495a9","hash":"68368252aaa0be2164c01ef27cdad8e50f7cee9e"}
,"D:\\Python Learning\\Namaste React\\src\\components\\Contact.js": {"path":"D:\\Python Learning\\Namaste React\\src\\components\\Contact.js","statementMap":{"0":{"start":{"line":1,"column":16},"end":{"line":21,"column":1}},"1":{"start":{"line":2,"column":4},"end":{"line":20,"column":6}}},"fnMap":{"0":{"name":"(anonymous_0)","decl":{"start":{"line":1,"column":16},"end":{"line":1,"column":17}},"loc":{"start":{"line":1,"column":22},"end":{"line":21,"column":1}},"line":1}},"branchMap":{},"s":{"0":1,"1":5},"f":{"0":5},"b":{},"_coverageSchema":"1a1c01bbd47fc00a2c39e90264f33305004495a9","hash":"78cc59767d7cf00558c604f65167375a1bfb7985"}
,"D:\\Python Learning\\Namaste React\\src\\components\\Header.js": {"path":"D:\\Python Learning\\Namaste React\\src\\components\\Header.js","statementMap":{"0":{"start":{"line":8,"column":15},"end":{"line":61,"column":3}},"1":{"start":{"line":9,"column":42},"end":{"line":9,"column":59}},"2":{"start":{"line":10,"column":23},"end":{"line":10,"column":40}},"3":{"start":{"line":11,"column":25},"end":{"line":11,"column":48}},"4":{"start":{"line":15,"column":20},"end":{"line":15,"column":59}},"5":{"start":{"line":15,"column":42},"end":{"line":15,"column":58}},"6":{"start":{"line":16,"column":2},"end":{"line":16,"column":24}},"7":{"start":{"line":18,"column":2},"end":{"line":20,"column":20}},"8":{"start":{"line":19,"column":4},"end":{"line":19,"column":36}},"9":{"start":{"line":21,"column":4},"end":{"line":60,"column":6}},"10":{"start":{"line":49,"column":14},"end":{"line":51,"column":41}}},"fnMap":{"0":{"name":"(anonymous_0)","decl":{"start":{"line":8,"column":15},"end":{"line":8,"column":16}},"loc":{"start":{"line":8,"column":21},"end":{"line":61,"column":3}},"line":8},"1":{"name":"(anonymous_1)","decl":{"start":{"line":15,"column":32},"end":{"line":15,"column":33}},"loc":{"start":{"line":15,"column":42},"end":{"line":15,"column":58}},"line":15},"2":{"name":"(anonymous_2)","decl":{"start":{"line":18,"column":12},"end":{"line":18,"column":13}},"loc":{"start":{"line":18,"column":17},"end":{"line":20,"column":3}},"line":18},"3":{"name":"(anonymous_3)","decl":{"start":{"line":48,"column":22},"end":{"line":48,"column":23}},"loc":{"start":{"line":48,"column":28},"end":{"line":52,"column":13}},"line":48}},"branchMap":{"0":{"loc":{"start":{"line":29,"column":30},"end":{"line":29,"column":64}},"type":"cond-expr","locations":[{"start":{"line":29,"column":43},"end":{"line":29,"column":54}},{"start":{"line":29,"column":55},"end":{"line":29,"column":64}}],"line":29},"1":{"loc":{"start":{"line":49,"column":14},"end":{"line":51,"column":40}},"type":"cond-expr","locations":[{"start":{"line":50,"column":16},"end":{"line":50,"column":41}},{"start":{"line":51,"column":16},"end":{"line":51,"column":40}}],"line":49}},"s":{"0":2,"1":11,"2":11,"3":11,"4":11,"5":21,"6":11,"7":11,"8":8,"9":11,"10":1},"f":{"0":11,"1":21,"2":8,"3":1},"b":{"0":[11,0],"1":[1,0]},"_coverageSchema":"1a1c01bbd47fc00a2c39e90264f33305004495a9","hash":"1b9840d82ad9019e970cbe06020363adb5b99513"}
,"D:\\Python Learning\\Namaste React\\src\\components\\ItemList.js": {"path":"D:\\Python Learning\\Namaste React\\src\\components\\ItemList.js","statementMap":{"0":{"start":{"line":5,"column":17},"end":{"line":43,"column":1}},"1":{"start":{"line":6,"column":0},"end":{"line":6,"column":18}},"2":{"start":{"line":8,"column":17},"end":{"line":8,"column":30}},"3":{"start":{"line":9,"column":22},"end":{"line":13,"column":1}},"4":{"start":{"line":11,"column":4},"end":{"line":11,"column":27}},"5":{"start":{"line":14,"column":0},"end":{"line":42,"column":1}},"6":{"start":{"line":17,"column":7},"end":{"line":39,"column":13}},"7":{"start":{"line":33,"column":27},"end":{"line":33,"column":46}}},"fnMap":{"0":{"name":"(anonymous_0)","decl":{"start":{"line":5,"column":17},"end":{"line":5,"column":18}},"loc":{"start":{"line":5,"column":37},"end":{"line":43,"column":1}},"line":5},"1":{"name":"(anonymous_1)","decl":{"start":{"line":9,"column":22},"end":{"line":9,"column":23}},"loc":{"start":{"line":9,"column":32},"end":{"line":13,"column":1}},"line":9},"2":{"name":"(anonymous_2)","decl":{"start":{"line":16,"column":19},"end":{"line":16,"column":20}},"loc":{"start":{"line":17,"column":7},"end":{"line":39,"column":13}},"line":17},"3":{"name":"(anonymous_3)","decl":{"start":{"line":33,"column":21},"end":{"line":33,"column":22}},"loc":{"start":{"line":33,"column":27},"end":{"line":33,"column":46}},"line":33}},"branchMap":{"0":{"loc":{"start":{"line":26,"column":13},"end":{"line":26,"column":103}},"type":"cond-expr","locations":[{"start":{"line":26,"column":39},"end":{"line":26,"column":66}},{"start":{"line":26,"column":69},"end":{"line":26,"column":103}}],"line":26}},"s":{"0":1,"1":9,"2":9,"3":9,"4":2,"5":9,"6":14,"7":2},"f":{"0":9,"1":2,"2":14,"3":2},"b":{"0":[11,3]},"_coverageSchema":"1a1c01bbd47fc00a2c39e90264f33305004495a9","hash":"8adcc83437aa93e9f205db194dae8d022eae82b9"}
,"D:\\Python Learning\\Namaste React\\src\\components\\RestaurantCard.js": {"path":"D:\\Python Learning\\Namaste React\\src\\components\\RestaurantCard.js","statementMap":{"0":{"start":{"line":5,"column":23},"end":{"line":31,"column":3}},"1":{"start":{"line":6,"column":25},"end":{"line":6,"column":30}},"2":{"start":{"line":7,"column":27},"end":{"line":7,"column":50}},"3":{"start":{"line":8,"column":4},"end":{"line":8,"column":25}},"4":{"start":{"line":17,"column":7},"end":{"line":17,"column":20}},"5":{"start":{"line":19,"column":4},"end":{"line":30,"column":6}},"6":{"start":{"line":33,"column":35},"end":{"line":42,"column":3}},"7":{"start":{"line":34,"column":4},"end":{"line":41,"column":5}},"8":{"start":{"line":35,"column":6},"end":{"line":40,"column":7}}},"fnMap":{"0":{"name":"(anonymous_0)","decl":{"start":{"line":5,"column":23},"end":{"line":5,"column":24}},"loc":{"start":{"line":5,"column":34},"end":{"line":31,"column":3}},"line":5},"1":{"name":"(anonymous_1)","decl":{"start":{"line":33,"column":35},"end":{"line":33,"column":36}},"loc":{"start":{"line":33,"column":55},"end":{"line":42,"column":3}},"line":33},"2":{"name":"(anonymous_2)","decl":{"start":{"line":34,"column":10},"end":{"line":34,"column":11}},"loc":{"start":{"line":34,"column":20},"end":{"line":41,"column":5}},"line":34}},"branchMap":{},"s":{"0":2,"1":21,"2":21,"3":21,"4":21,"5":21,"6":2,"7":4,"8":9},"f":{"0":21,"1":4,"2":9},"b":{},"_coverageSchema":"1a1c01bbd47fc00a2c39e90264f33305004495a9","hash":"b02c5437ccf28c36387ce76033ba896896f58082"}
,"D:\\Python Learning\\Namaste React\\src\\components\\RestaurantCategory.js": {"path":"D:\\Python Learning\\Namaste React\\src\\components\\RestaurantCategory.js","statementMap":{"0":{"start":{"line":4,"column":27},"end":{"line":22,"column":1}},"1":{"start":{"line":7,"column":24},"end":{"line":9,"column":5}},"2":{"start":{"line":8,"column":8},"end":{"line":8,"column":23}},"3":{"start":{"line":10,"column":4},"end":{"line":21,"column":5}}},"fnMap":{"0":{"name":"(anonymous_0)","decl":{"start":{"line":4,"column":27},"end":{"line":4,"column":28}},"loc":{"start":{"line":4,"column":73},"end":{"line":22,"column":1}},"line":4},"1":{"name":"(anonymous_1)","decl":{"start":{"line":7,"column":24},"end":{"line":7,"column":25}},"loc":{"start":{"line":7,"column":30},"end":{"line":9,"column":5}},"line":7}},"branchMap":{"0":{"loc":{"start":{"line":18,"column":17},"end":{"line":18,"column":80}},"type":"binary-expr","locations":[{"start":{"line":18,"column":17},"end":{"line":18,"column":26}},{"start":{"line":18,"column":30},"end":{"line":18,"column":80}}],"line":18}},"s":{"0":1,"1":10,"2":1,"3":10},"f":{"0":10,"1":1},"b":{"0":[10,1]},"_coverageSchema":"1a1c01bbd47fc00a2c39e90264f33305004495a9","hash":"ef5ce273edebdbc2017cde7767256ef6551ca684"}
,"D:\\Python Learning\\Namaste React\\src\\components\\RestaurantMenu.js": {"path":"D:\\Python Learning\\Namaste React\\src\\components\\RestaurantMenu.js","statementMap":{"0":{"start":{"line":10,"column":23},"end":{"line":46,"column":1}},"1":{"start":{"line":12,"column":20},"end":{"line":12,"column":31}},"2":{"start":{"line":13,"column":18},"end":{"line":13,"column":30}},"3":{"start":{"line":14,"column":19},"end":{"line":14,"column":43}},"4":{"start":{"line":15,"column":38},"end":{"line":15,"column":52}},"5":{"start":{"line":18,"column":4},"end":{"line":18,"column":44}},"6":{"start":{"line":18,"column":26},"end":{"line":18,"column":44}},"7":{"start":{"line":20,"column":48},"end":{"line":20,"column":83}},"8":{"start":{"line":26,"column":24},"end":{"line":26,"column":99}},"9":{"start":{"line":27,"column":4},"end":{"line":27,"column":78}},"10":{"start":{"line":28,"column":23},"end":{"line":30,"column":5}},"11":{"start":{"line":29,"column":14},"end":{"line":29,"column":103}},"12":{"start":{"line":31,"column":4},"end":{"line":31,"column":27}},"13":{"start":{"line":32,"column":4},"end":{"line":45,"column":6}},"14":{"start":{"line":38,"column":16},"end":{"line":42,"column":33}},"15":{"start":{"line":41,"column":36},"end":{"line":41,"column":55}}},"fnMap":{"0":{"name":"(anonymous_0)","decl":{"start":{"line":10,"column":23},"end":{"line":10,"column":24}},"loc":{"start":{"line":10,"column":29},"end":{"line":46,"column":1}},"line":10},"1":{"name":"(anonymous_1)","decl":{"start":{"line":29,"column":8},"end":{"line":29,"column":9}},"loc":{"start":{"line":29,"column":14},"end":{"line":29,"column":103}},"line":29},"2":{"name":"(anonymous_2)","decl":{"start":{"line":37,"column":28},"end":{"line":37,"column":29}},"loc":{"start":{"line":38,"column":16},"end":{"line":42,"column":33}},"line":38},"3":{"name":"(anonymous_3)","decl":{"start":{"line":41,"column":31},"end":{"line":41,"column":32}},"loc":{"start":{"line":41,"column":36},"end":{"line":41,"column":55}},"line":41}},"branchMap":{"0":{"loc":{"start":{"line":18,"column":4},"end":{"line":18,"column":44}},"type":"if","locations":[{"start":{"line":18,"column":4},"end":{"line":18,"column":44}},{"start":{},"end":{}}],"line":18},"1":{"loc":{"start":{"line":40,"column":27},"end":{"line":40,"column":61}},"type":"cond-expr","locations":[{"start":{"line":40,"column":49},"end":{"line":40,"column":53}},{"start":{"line":40,"column":56},"end":{"line":40,"column":61}}],"line":40}},"s":{"0":1,"1":3,"2":3,"3":3,"4":3,"5":3,"6":1,"7":2,"8":2,"9":2,"10":2,"11":38,"12":2,"13":2,"14":10,"15":1},"f":{"0":3,"1":38,"2":10,"3":1},"b":{"0":[1,2],"1":[1,9]},"_coverageSchema":"1a1c01bbd47fc00a2c39e90264f33305004495a9","hash":"3e9f37e367f6c975247a765ef8eaa665cd89f13a"}
,"D:\\Python Learning\\Namaste React\\src\\components\\shimmer.js": {"path":"D:\\Python Learning\\Namaste React\\src\\components\\shimmer.js","statementMap":{"0":{"start":{"line":1,"column":16},"end":{"line":15,"column":1}},"1":{"start":{"line":2,"column":4},"end":{"line":14,"column":6}}},"fnMap":{"0":{"name":"(anonymous_0)","decl":{"start":{"line":1,"column":16},"end":{"line":1,"column":17}},"loc":{"start":{"line":1,"column":22},"end":{"line":15,"column":1}},"line":1}},"branchMap":{},"s":{"0":2,"1":2},"f":{"0":2},"b":{},"_coverageSchema":"1a1c01bbd47fc00a2c39e90264f33305004495a9","hash":"2a7ca1fb1d932e230ba3f13810540baf143e15c9"}
,"D:\\Python Learning\\Namaste React\\src\\components\\sum.js": {"path":"D:\\Python Learning\\Namaste React\\src\\components\\sum.js","statementMap":{"0":{"start":{"line":1,"column":19},"end":{"line":3,"column":1}},"1":{"start":{"line":2,"column":4},"end":{"line":2,"column":15}}},"fnMap":{"0":{"name":"(anonymous_0)","decl":{"start":{"line":1,"column":19},"end":{"line":1,"column":20}},"loc":{"start":{"line":1,"column":28},"end":{"line":3,"column":1}},"line":1}},"branchMap":{},"s":{"0":1,"1":1},"f":{"0":1},"b":{},"_coverageSchema":"1a1c01bbd47fc00a2c39e90264f33305004495a9","hash":"4d736da77f9cdef2736a0bc69b937af22b3a6077"}
,"D:\\Python Learning\\Namaste React\\src\\utils\\CartSlice.js": {"path":"D:\\Python Learning\\Namaste React\\src\\utils\\CartSlice.js","statementMap":{"0":{"start":{"line":3,"column":18},"end":{"line":20,"column":1}},"1":{"start":{"line":10,"column":12},"end":{"line":10,"column":45}},"2":{"start":{"line":13,"column":12},"end":{"line":13,"column":30}},"3":{"start":{"line":16,"column":12},"end":{"line":16,"column":33}},"4":{"start":{"line":22,"column":48},"end":{"line":22,"column":65}}},"fnMap":{"0":{"name":"(anonymous_0)","decl":{"start":{"line":9,"column":17},"end":{"line":9,"column":18}},"loc":{"start":{"line":9,"column":35},"end":{"line":11,"column":9}},"line":9},"1":{"name":"(anonymous_1)","decl":{"start":{"line":12,"column":19},"end":{"line":12,"column":20}},"loc":{"start":{"line":12,"column":28},"end":{"line":14,"column":9}},"line":12},"2":{"name":"(anonymous_2)","decl":{"start":{"line":15,"column":18},"end":{"line":15,"column":19}},"loc":{"start":{"line":15,"column":27},"end":{"line":17,"column":9}},"line":15}},"branchMap":{},"s":{"0":2,"1":2,"2":0,"3":1,"4":2},"f":{"0":2,"1":0,"2":1},"b":{},"_coverageSchema":"1a1c01bbd47fc00a2c39e90264f33305004495a9","hash":"8d2d60d0df9e84bbee4319565f08d22d26036a33"}
,"D:\\Python Learning\\Namaste React\\src\\utils\\UserContext.js": {"path":"D:\\Python Learning\\Namaste React\\src\\utils\\UserContext.js","statementMap":{"0":{"start":{"line":3,"column":20},"end":{"line":5,"column":2}}},"fnMap":{},"branchMap":{},"s":{"0":4},"f":{},"b":{},"_coverageSchema":"1a1c01bbd47fc00a2c39e90264f33305004495a9","hash":"b57b80c9381cbc4ba96492edc332b6fba92e085d"}
,"D:\\Python Learning\\Namaste React\\src\\utils\\appStore.js": {"path":"D:\\Python Learning\\Namaste React\\src\\utils\\appStore.js","statementMap":{"0":{"start":{"line":4,"column":17},"end":{"line":9,"column":5}}},"fnMap":{},"branchMap":{},"s":{"0":2},"f":{},"b":{},"_coverageSchema":"1a1c01bbd47fc00a2c39e90264f33305004495a9","hash":"14a1327ded22000b1ab0d4964115bb42af43a3b2"}
,"D:\\Python Learning\\Namaste React\\src\\utils\\constants.js": {"path":"D:\\Python Learning\\Namaste React\\src\\utils\\constants.js","statementMap":{"0":{"start":{"line":1,"column":23},"end":{"line":1,"column":106}},"1":{"start":{"line":3,"column":24},"end":{"line":3,"column":96}},"2":{"start":{"line":7,"column":24},"end":{"line":7,"column":154}}},"fnMap":{},"branchMap":{},"s":{"0":4,"1":4,"2":4},"f":{},"b":{},"_coverageSchema":"1a1c01bbd47fc00a2c39e90264f33305004495a9","hash":"edc622485877f8851886d66310e1409be8696e06"}
,"D:\\Python Learning\\Namaste React\\src\\utils\\mockData.js": {"path":"D:\\Python Learning\\Namaste React\\src\\utils\\mockData.js","statementMap":{"0":{"start":{"line":1,"column":16},"end":{"line":1424,"column":3}}},"fnMap":{},"branchMap":{},"s":{"0":1},"f":{},"b":{},"_coverageSchema":"1a1c01bbd47fc00a2c39e90264f33305004495a9","hash":"c0a05b8e02478d277c760733a2a44b45ba139a61"}
,"D:\\Python Learning\\Namaste React\\src\\utils\\useOnlineStatus.js": {"path":"D:\\Python Learning\\Namaste React\\src\\utils\\useOnlineStatus.js","statementMap":{"0":{"start":{"line":3,"column":24},"end":{"line":15,"column":1}},"1":{"start":{"line":4,"column":43},"end":{"line":4,"column":57}},"2":{"start":{"line":5,"column":4},"end":{"line":13,"column":10}},"3":{"start":{"line":6,"column":8},"end":{"line":8,"column":13}},"4":{"start":{"line":7,"column":12},"end":{"line":7,"column":35}},"5":{"start":{"line":10,"column":10},"end":{"line":12,"column":13}},"6":{"start":{"line":11,"column":12},"end":{"line":11,"column":34}},"7":{"start":{"line":14,"column":4},"end":{"line":14,"column":24}}},"fnMap":{"0":{"name":"(anonymous_0)","decl":{"start":{"line":3,"column":24},"end":{"line":3,"column":25}},"loc":{"start":{"line":3,"column":30},"end":{"line":15,"column":1}},"line":3},"1":{"name":"(anonymous_1)","decl":{"start":{"line":5,"column":14},"end":{"line":5,"column":15}},"loc":{"start":{"line":5,"column":18},"end":{"line":13,"column":5}},"line":5},"2":{"name":"(anonymous_2)","decl":{"start":{"line":6,"column":43},"end":{"line":6,"column":44}},"loc":{"start":{"line":6,"column":49},"end":{"line":8,"column":11}},"line":6},"3":{"name":"(anonymous_3)","decl":{"start":{"line":10,"column":44},"end":{"line":10,"column":45}},"loc":{"start":{"line":10,"column":50},"end":{"line":12,"column":11}},"line":10}},"branchMap":{},"s":{"0":3,"1":15,"2":15,"3":8,"4":0,"5":8,"6":0,"7":15},"f":{"0":15,"1":8,"2":0,"3":0},"b":{},"_coverageSchema":"1a1c01bbd47fc00a2c39e90264f33305004495a9","hash":"4d57106c26f944bfdcca8873502a30060a13dfa8"}
,"D:\\Python Learning\\Namaste React\\src\\utils\\useRestaurantMenu.js": {"path":"D:\\Python Learning\\Namaste React\\src\\utils\\useRestaurantMenu.js","statementMap":{"0":{"start":{"line":4,"column":24},"end":{"line":17,"column":1}},"1":{"start":{"line":5,"column":33},"end":{"line":5,"column":47}},"2":{"start":{"line":6,"column":4},"end":{"line":8,"column":11}},"3":{"start":{"line":7,"column":8},"end":{"line":7,"column":20}},"4":{"start":{"line":10,"column":21},"end":{"line":15,"column":5}},"5":{"start":{"line":11,"column":21},"end":{"line":11,"column":50}},"6":{"start":{"line":12,"column":21},"end":{"line":12,"column":38}},"7":{"start":{"line":14,"column":8},"end":{"line":14,"column":30}},"8":{"start":{"line":16,"column":4},"end":{"line":16,"column":19}}},"fnMap":{"0":{"name":"(anonymous_0)","decl":{"start":{"line":4,"column":24},"end":{"line":4,"column":25}},"loc":{"start":{"line":4,"column":33},"end":{"line":17,"column":1}},"line":4},"1":{"name":"(anonymous_1)","decl":{"start":{"line":6,"column":14},"end":{"line":6,"column":15}},"loc":{"start":{"line":6,"column":18},"end":{"line":8,"column":5}},"line":6},"2":{"name":"(anonymous_2)","decl":{"start":{"line":10,"column":21},"end":{"line":10,"column":22}},"loc":{"start":{"line":10,"column":32},"end":{"line":15,"column":5}},"line":10}},"branchMap":{},"s":{"0":1,"1":3,"2":3,"3":1,"4":3,"5":1,"6":1,"7":1,"8":3},"f":{"0":3,"1":1,"2":1},"b":{},"_coverageSchema":"1a1c01bbd47fc00a2c39e90264f33305004495a9","hash":"bc55a755173c19e3f98959278389fa2fe503d6e2"}
}
